<?xml version="1.0" encoding="UTF-8"?>
<!-- Generated by org.testng.reporters.JUnitXMLReporter -->
<testsuite ignored="0" hostname="ISAR-PC" failures="0" tests="5" name="Default test" time="79.75" errors="0" timestamp="2023-10-23T20:08:01 EDT">
  <testcase classname="TestPages.NoCommTestPage" name="testCellphoneTab" time="7.401"/>
  <testcase classname="TestPages.NoCommTestPage" name="addPhoneAndCheckout" time="16.726"/>
  <testcase classname="TestPages.NoCommTestPage" name="checkoutBillingInfo" time="16.129"/>
  <testcase classname="TestPages.NoCommTestPage" name="checkoutShipAndPayment" time="19.762"/>
  <testcase classname="TestPages.NoCommTestPage" name="completeOrder" time="10.542"/>
</testsuite> <!-- Default test -->
