<?xml version="1.0" encoding="UTF-8"?>
<!-- Generated by org.testng.reporters.JUnitXMLReporter -->
<testsuite ignored="0" hostname="ISAR-PC" failures="0" tests="5" name="Default test" time="79.896" errors="0" timestamp="2023-11-12T21:18:08 EST">
  <testcase classname="TestPages.NoCommTestPage" name="testCellphoneTab" time="7.332"/>
  <testcase classname="TestPages.NoCommTestPage" name="addPhoneAndCheckout" time="18.773"/>
  <testcase classname="TestPages.NoCommTestPage" name="checkoutBillingInfo" time="16.064"/>
  <testcase classname="TestPages.NoCommTestPage" name="checkoutShipAndPayment" time="19.732"/>
  <testcase classname="TestPages.NoCommTestPage" name="completeOrder" time="10.669"/>
</testsuite> <!-- Default test -->
