<?xml version="1.0" encoding="UTF-8"?>
<!-- Generated by org.testng.reporters.JUnitXMLReporter -->
<testsuite ignored="0" hostname="ISAR-PC" failures="0" tests="5" name="Test" time="77.024" errors="0" timestamp="2023-11-12T21:13:14 EST">
  <testcase classname="TestPages.NoCommTestPage" name="testCellphoneTab" time="7.35"/>
  <testcase classname="TestPages.NoCommTestPage" name="addPhoneAndCheckout" time="18.199"/>
  <testcase classname="TestPages.NoCommTestPage" name="checkoutBillingInfo" time="16.016"/>
  <testcase classname="TestPages.NoCommTestPage" name="checkoutShipAndPayment" time="19.702"/>
  <testcase classname="TestPages.NoCommTestPage" name="completeOrder" time="10.685"/>
</testsuite> <!-- Test -->
