<?xml version="1.0" encoding="UTF-8"?>
<testng-results ignored="0" total="5" passed="5" failed="0" skipped="0">
  <reporter-output>
  </reporter-output>
  <suite started-at="2023-10-30T20:05:49 EDT" name="Suite" finished-at="2023-10-30T20:07:10 EDT" duration-ms="81336">
    <groups>
    </groups>
    <test started-at="2023-10-30T20:05:49 EDT" name="Test" finished-at="2023-10-30T20:07:10 EDT" duration-ms="81336">
      <class name="TestPages.NoCommTestPage">
        <test-method is-config="true" signature="setUpTest()[pri:0, instance:TestPages.NoCommTestPage@2ceb80a1]" started-at="2023-10-30T20:05:49 EDT" name="setUpTest" finished-at="2023-10-30T20:05:59 EDT" duration-ms="10527" status="PASS">
          <reporter-output>
          </reporter-output>
        </test-method> <!-- setUpTest -->
        <test-method signature="testCellphoneTab()[pri:2, instance:TestPages.NoCommTestPage@2ceb80a1]" started-at="2023-10-30T20:05:59 EDT" name="testCellphoneTab" finished-at="2023-10-30T20:06:07 EDT" duration-ms="7431" status="PASS">
          <reporter-output>
          </reporter-output>
        </test-method> <!-- testCellphoneTab -->
        <test-method signature="addPhoneAndCheckout()[pri:3, instance:TestPages.NoCommTestPage@2ceb80a1]" started-at="2023-10-30T20:06:07 EDT" name="addPhoneAndCheckout" finished-at="2023-10-30T20:06:24 EDT" duration-ms="17033" status="PASS">
          <reporter-output>
          </reporter-output>
        </test-method> <!-- addPhoneAndCheckout -->
        <test-method signature="checkoutBillingInfo()[pri:4, instance:TestPages.NoCommTestPage@2ceb80a1]" started-at="2023-10-30T20:06:24 EDT" name="checkoutBillingInfo" finished-at="2023-10-30T20:06:40 EDT" duration-ms="16068" status="PASS">
          <reporter-output>
          </reporter-output>
        </test-method> <!-- checkoutBillingInfo -->
        <test-method signature="checkoutShipAndPayment()[pri:5, instance:TestPages.NoCommTestPage@2ceb80a1]" started-at="2023-10-30T20:06:40 EDT" name="checkoutShipAndPayment" finished-at="2023-10-30T20:06:59 EDT" duration-ms="19662" status="PASS">
          <reporter-output>
          </reporter-output>
        </test-method> <!-- checkoutShipAndPayment -->
        <test-method signature="completeOrder()[pri:6, instance:TestPages.NoCommTestPage@2ceb80a1]" started-at="2023-10-30T20:06:59 EDT" name="completeOrder" finished-at="2023-10-30T20:07:10 EDT" duration-ms="10553" status="PASS">
          <reporter-output>
          </reporter-output>
        </test-method> <!-- completeOrder -->
      </class> <!-- TestPages.NoCommTestPage -->
    </test> <!-- Test -->
  </suite> <!-- Suite -->
</testng-results>
