<?xml version="1.0" encoding="UTF-8"?>
<testng-results ignored="0" total="5" passed="5" failed="0" skipped="0">
  <reporter-output>
  </reporter-output>
  <suite started-at="2023-11-12T21:16:48 EST" name="Default suite" finished-at="2023-11-12T21:18:08 EST" duration-ms="79896">
    <groups>
    </groups>
    <test started-at="2023-11-12T21:16:48 EST" name="Default test" finished-at="2023-11-12T21:18:08 EST" duration-ms="79896">
      <class name="TestPages.NoCommTestPage">
        <test-method is-config="true" signature="setUpTest()[pri:0, instance:TestPages.NoCommTestPage@194fad1]" started-at="2023-11-12T21:16:48 EST" name="setUpTest" finished-at="2023-11-12T21:16:54 EST" duration-ms="5787" status="PASS">
          <reporter-output>
          </reporter-output>
        </test-method> <!-- setUpTest -->
        <test-method signature="testCellphoneTab()[pri:2, instance:TestPages.NoCommTestPage@194fad1]" started-at="2023-11-12T21:16:54 EST" name="testCellphoneTab" finished-at="2023-11-12T21:17:01 EST" duration-ms="7332" status="PASS">
          <reporter-output>
          </reporter-output>
        </test-method> <!-- testCellphoneTab -->
        <test-method signature="addPhoneAndCheckout()[pri:3, instance:TestPages.NoCommTestPage@194fad1]" started-at="2023-11-12T21:17:01 EST" name="addPhoneAndCheckout" finished-at="2023-11-12T21:17:20 EST" duration-ms="18773" status="PASS">
          <reporter-output>
          </reporter-output>
        </test-method> <!-- addPhoneAndCheckout -->
        <test-method signature="checkoutBillingInfo()[pri:4, instance:TestPages.NoCommTestPage@194fad1]" started-at="2023-11-12T21:17:20 EST" name="checkoutBillingInfo" finished-at="2023-11-12T21:17:36 EST" duration-ms="16064" status="PASS">
          <reporter-output>
          </reporter-output>
        </test-method> <!-- checkoutBillingInfo -->
        <test-method signature="checkoutShipAndPayment()[pri:5, instance:TestPages.NoCommTestPage@194fad1]" started-at="2023-11-12T21:17:36 EST" name="checkoutShipAndPayment" finished-at="2023-11-12T21:17:56 EST" duration-ms="19732" status="PASS">
          <reporter-output>
          </reporter-output>
        </test-method> <!-- checkoutShipAndPayment -->
        <test-method signature="completeOrder()[pri:6, instance:TestPages.NoCommTestPage@194fad1]" started-at="2023-11-12T21:17:56 EST" name="completeOrder" finished-at="2023-11-12T21:18:06 EST" duration-ms="10669" status="PASS">
          <reporter-output>
          </reporter-output>
        </test-method> <!-- completeOrder -->
        <test-method is-config="true" signature="tearDown()[pri:0, instance:TestPages.NoCommTestPage@194fad1]" started-at="2023-11-12T21:18:06 EST" name="tearDown" finished-at="2023-11-12T21:18:08 EST" duration-ms="1407" status="PASS">
          <reporter-output>
          </reporter-output>
        </test-method> <!-- tearDown -->
      </class> <!-- TestPages.NoCommTestPage -->
    </test> <!-- Default test -->
  </suite> <!-- Default suite -->
</testng-results>
